<?xml version="1.0" encoding="UTF-8"?>
<!-- Generated by org.testng.reporters.JUnitReportReporter -->
<testsuite skipped="0" hostname="Ashraf" name="apiTesting.SearchApiTests" tests="9" failures="0" timestamp="19 Apr 2018 03:38:46 GMT" time="7.197" errors="0">
  <testcase name="searchPublicRepos" time="0.810" classname="apiTesting.SearchApiTests"/>
  <testcase name="searchReposByFullRepoName" time="0.744" classname="apiTesting.SearchApiTests"/>
  <testcase name="searchReposByCreatedDate" time="0.317" classname="apiTesting.SearchApiTests"/>
  <testcase name="searchReposByLicense" time="0.296" classname="apiTesting.SearchApiTests"/>
  <testcase name="searchArchivedReposOnly" time="3.035" classname="apiTesting.SearchApiTests"/>
  <testcase name="searchReposWithMirror" time="0.377" classname="apiTesting.SearchApiTests"/>
  <testcase name="searchPrivateRepos" time="0.452" classname="apiTesting.SearchApiTests"/>
  <testcase name="searchReposByLanguage" time="0.800" classname="apiTesting.SearchApiTests"/>
  <testcase name="searchReposByUserName" time="0.366" classname="apiTesting.SearchApiTests"/>
</testsuite> <!-- apiTesting.SearchApiTests -->
