<?xml version="1.0" encoding="UTF-8"?>
<!-- Generated by org.testng.reporters.JUnitReportReporter -->
<testsuite skipped="0" hostname="Ashraf" name="getRequest.GetData" tests="1" failures="0" timestamp="15 Apr 2018 20:09:51 GMT" time="3.701" errors="0">
  <testcase name="testResponsecode" time="3.701" classname="getRequest.GetData"/>
</testsuite> <!-- getRequest.GetData -->
